<?xml version="1.0" encoding="UTF-8"?>
<!-- Generated by org.testng.reporters.JUnitReportReporter -->
<testsuite hostname="LAPTOP-6O86QRAT" failures="0" tests="4" name="com.Runners.TestNGRunner" time="27.967" errors="0" timestamp="2020-04-27T17:50:49 BST" skipped="0">
  <testcase classname="com.Runners.TestNGRunner" name="runScenario" time="7.437"/>
  <system-out/>
  <testcase classname="com.Runners.TestNGRunner" name="runScenario" time="7.324"/>
  <system-out/>
  <testcase classname="com.Runners.TestNGRunner" name="runScenario" time="6.615"/>
  <system-out/>
  <testcase classname="com.Runners.TestNGRunner" name="runScenario" time="6.591"/>
  <system-out/>
</testsuite> <!-- com.Runners.TestNGRunner -->
