<?xml version="1.0" encoding="UTF-8"?>
<!-- Generated by org.testng.reporters.JUnitReportReporter -->
<testsuite hostname="LAPTOP-6O86QRAT" failures="0" tests="1" name="com.Runners.DataDrivenRunner" time="9.775" errors="0" timestamp="2020-05-04T18:48:48 BST" skipped="0">
  <testcase classname="com.Runners.DataDrivenRunner" name="runScenario" time="9.775"/>
  <system-out/>
</testsuite> <!-- com.Runners.DataDrivenRunner -->
