<?xml version="1.0" encoding="UTF-8"?>
<!-- Generated by org.testng.reporters.JUnitReportReporter -->
<testsuite hostname="LAPTOP-6O86QRAT" failures="0" tests="1" name="com.Runners.TestNGRunner" time="8.850" errors="0" timestamp="2020-04-25T17:55:29 BST" skipped="0">
  <testcase classname="com.Runners.TestNGRunner" name="runScenario" time="8.850"/>
  <system-out/>
</testsuite> <!-- com.Runners.TestNGRunner -->
