<?xml version="1.0" encoding="UTF-8"?>
<!-- Generated by org.testng.reporters.JUnitReportReporter -->
<testsuite hostname="LAPTOP-6O86QRAT" failures="0" tests="1" name="com.Runners.DataDrivenRunner" time="12.955" errors="0" timestamp="2020-04-30T22:09:23 BST" skipped="0">
  <testcase classname="com.Runners.DataDrivenRunner" name="runScenario" time="12.955"/>
  <system-out/>
</testsuite> <!-- com.Runners.DataDrivenRunner -->
