<?xml version="1.0" encoding="UTF-8"?>
<!-- Generated by org.testng.reporters.JUnitReportReporter -->
<testsuite hostname="LAPTOP-6O86QRAT" failures="0" tests="1" name="com.Runners.WaitsRunner" time="17.171" errors="0" timestamp="2020-05-04T18:48:48 BST" skipped="0">
  <testcase classname="com.Runners.WaitsRunner" name="runScenario" time="17.171"/>
  <system-out/>
</testsuite> <!-- com.Runners.WaitsRunner -->
