<?xml version="1.0" encoding="UTF-8"?>
<!-- Generated by org.testng.reporters.JUnitReportReporter -->
<testsuite hostname="LAPTOP-6O86QRAT" failures="0" tests="1" name="com.Runners.TestNGRunner" time="0.000" errors="0" timestamp="22 Apr 2020 19:19:41 GMT" skipped="1">
  <testcase classname="com.Runners.TestNGRunner" name="runScenario" time="0.000">
    <skipped/>
  </testcase> <!-- runScenario -->
</testsuite> <!-- com.Runners.TestNGRunner -->
